<?xml version="1.0" encoding="UTF-8"?>
<!-- Generated by org.testng.reporters.JUnitReportReporter -->
<testsuite name="com.course.cases.AddUserTest" tests="1" time="0.026" ignored="0" failures="0" timestamp="03 Jun 2019 02:08:19 GMT" skipped="0" hostname="XTM-01905072341" errors="0">
  <testcase name="addUserTest" time="0.026" classname="com.course.cases.AddUserTest"/>
</testsuite> <!-- com.course.cases.AddUserTest -->
