<?xml version="1.0" encoding="UTF-8"?>
<!-- Generated by org.testng.reporters.JUnitReportReporter -->
<testsuite name="com.course.cases.LoginTest" tests="2" time="0.389" ignored="0" failures="0" timestamp="03 Jun 2019 02:08:19 GMT" skipped="0" hostname="XTM-01905072341" errors="0">
  <testcase name="loginTrue" time="0.360" classname="com.course.cases.LoginTest"/>
  <testcase name="loginFalse" time="0.029" classname="com.course.cases.LoginTest"/>
</testsuite> <!-- com.course.cases.LoginTest -->
