<?xml version="1.0" encoding="UTF-8" ?>
<testsuite tests="6" failures="0" name="TestSuite" time="1.411" errors="0" skipped="0">
  <properties>
    <property name="java.runtime.name" value="Java(TM) SE Runtime Environment"/>
    <property name="sun.boot.library.path" value="D:\Program Files (x86)\Java\jdk1.8.0_73\jre\bin"/>
    <property name="java.vm.version" value="25.73-b02"/>
    <property name="java.vm.vendor" value="Oracle Corporation"/>
    <property name="java.vendor.url" value="http://java.oracle.com/"/>
    <property name="path.separator" value=";"/>
    <property name="java.vm.name" value="Java HotSpot(TM) Client VM"/>
    <property name="file.encoding.pkg" value="sun.io"/>
    <property name="user.script" value=""/>
    <property name="user.country" value="CN"/>
    <property name="sun.java.launcher" value="SUN_STANDARD"/>
    <property name="sun.os.patch.level" value=""/>
    <property name="java.vm.specification.name" value="Java Virtual Machine Specification"/>
    <property name="user.dir" value="E:\WorkPlace\AutomatedTesting\Chapter12"/>
    <property name="java.runtime.version" value="1.8.0_73-b02"/>
    <property name="java.awt.graphicsenv" value="sun.awt.Win32GraphicsEnvironment"/>
    <property name="basedir" value="E:\WorkPlace\AutomatedTesting\Chapter12"/>
    <property name="java.endorsed.dirs" value="D:\Program Files (x86)\Java\jdk1.8.0_73\jre\lib\endorsed"/>
    <property name="os.arch" value="x86"/>
    <property name="surefire.real.class.path" value="E:\WorkPlace\AutomatedTesting\Chapter12\target\surefire\surefirebooter4178600077517612134.jar"/>
    <property name="java.io.tmpdir" value="C:\Users\ADMINI~1\AppData\Local\Temp\"/>
    <property name="line.separator" value="
"/>
    <property name="java.vm.specification.vendor" value="Oracle Corporation"/>
    <property name="user.variant" value=""/>
    <property name="os.name" value="Windows 10"/>
    <property name="sun.jnu.encoding" value="GBK"/>
    <property name="java.library.path" value="D:\Program Files (x86)\Java\jdk1.8.0_73\jre\bin;C:\WINDOWS\Sun\Java\bin;C:\WINDOWS\system32;C:\WINDOWS;D:\Program Files\Git\mingw64\bin;D:\Program Files\Git\usr\bin;C:\Users\Administrator\bin;C:\ProgramData\Oracle\Java\javapath;C:\WINDOWS\system32;C:\WINDOWS;C:\WINDOWS\System32\Wbem;C:\WINDOWS\System32\WindowsPowerShell\v1.0;D:\Program Files\TortoiseSVN\bin;D:\Program Files\OpenVPN\bin;D:\Program Files\Git\cmd;C:\WINDOWS\System32\OpenSSH;D:\apache-maven-3.6.1\bin;D:\Program Files (x86)\Java\jdk1.8.0_73\bin;%JAVA_HOME\jre\bin;D:\Users\Administrator\AppData\Local\Programs\Fiddler;%USERPROFILE%\AppData\Local\Microsoft\WindowsApps;."/>
    <property name="surefire.test.class.path" value="E:\WorkPlace\AutomatedTesting\Chapter12\target\test-classes;E:\WorkPlace\AutomatedTesting\Chapter12\target\classes;D:\my_maven_local_repository\org\apache\httpcomponents\httpclient\4.1.2\httpclient-4.1.2.jar;D:\my_maven_local_repository\org\apache\httpcomponents\httpcore\4.4.11\httpcore-4.4.11.jar;D:\my_maven_local_repository\commons-codec\commons-codec\1.11\commons-codec-1.11.jar;D:\my_maven_local_repository\org\testng\testng\6.10\testng-6.10.jar;D:\my_maven_local_repository\com\beust\jcommander\1.48\jcommander-1.48.jar;D:\my_maven_local_repository\org\json\json\20170516\json-20170516.jar;D:\my_maven_local_repository\org\mybatis\mybatis\3.4.4\mybatis-3.4.4.jar;D:\my_maven_local_repository\mysql\mysql-connector-java\5.1.6\mysql-connector-java-5.1.6.jar;D:\my_maven_local_repository\org\projectlombok\lombok\1.16.14\lombok-1.16.14.jar;D:\my_maven_local_repository\com\relevantcodes\extentreports\2.41.1\extentreports-2.41.1.jar;D:\my_maven_local_repository\org\jsoup\jsoup\1.8.3\jsoup-1.8.3.jar;D:\my_maven_local_repository\org\xerial\sqlite-jdbc\3.25.2\sqlite-jdbc-3.25.2.jar;D:\my_maven_local_repository\org\freemarker\freemarker\2.3.28\freemarker-2.3.28.jar;D:\my_maven_local_repository\org\mongodb\mongodb-driver\3.8.2\mongodb-driver-3.8.2.jar;D:\my_maven_local_repository\org\mongodb\bson\3.8.2\bson-3.8.2.jar;D:\my_maven_local_repository\org\mongodb\mongodb-driver-core\3.8.2\mongodb-driver-core-3.8.2.jar;D:\my_maven_local_repository\com\vimalselvam\testng-extentsreport\1.3.1\testng-extentsreport-1.3.1.jar;D:\my_maven_local_repository\com\google\guava\guava\20.0\guava-20.0.jar;D:\my_maven_local_repository\com\aventstack\extentreports\3.0.6\extentreports-3.0.6.jar;D:\my_maven_local_repository\org\apache\httpcomponents\httpmime\4.5.8\httpmime-4.5.8.jar;D:\my_maven_local_repository\commons-logging\commons-logging\1.1.1\commons-logging-1.1.1.jar;"/>
    <property name="java.specification.name" value="Java Platform API Specification"/>
    <property name="java.class.version" value="52.0"/>
    <property name="sun.management.compiler" value="HotSpot Client Compiler"/>
    <property name="os.version" value="10.0"/>
    <property name="user.home" value="C:\Users\Administrator"/>
    <property name="user.timezone" value="Asia/Shanghai"/>
    <property name="java.awt.printerjob" value="sun.awt.windows.WPrinterJob"/>
    <property name="java.specification.version" value="1.8"/>
    <property name="file.encoding" value="GBK"/>
    <property name="user.name" value="Administrator"/>
    <property name="java.class.path" value="E:\WorkPlace\AutomatedTesting\Chapter12\target\test-classes;E:\WorkPlace\AutomatedTesting\Chapter12\target\classes;D:\my_maven_local_repository\org\apache\httpcomponents\httpclient\4.1.2\httpclient-4.1.2.jar;D:\my_maven_local_repository\org\apache\httpcomponents\httpcore\4.4.11\httpcore-4.4.11.jar;D:\my_maven_local_repository\commons-codec\commons-codec\1.11\commons-codec-1.11.jar;D:\my_maven_local_repository\org\testng\testng\6.10\testng-6.10.jar;D:\my_maven_local_repository\com\beust\jcommander\1.48\jcommander-1.48.jar;D:\my_maven_local_repository\org\json\json\20170516\json-20170516.jar;D:\my_maven_local_repository\org\mybatis\mybatis\3.4.4\mybatis-3.4.4.jar;D:\my_maven_local_repository\mysql\mysql-connector-java\5.1.6\mysql-connector-java-5.1.6.jar;D:\my_maven_local_repository\org\projectlombok\lombok\1.16.14\lombok-1.16.14.jar;D:\my_maven_local_repository\com\relevantcodes\extentreports\2.41.1\extentreports-2.41.1.jar;D:\my_maven_local_repository\org\jsoup\jsoup\1.8.3\jsoup-1.8.3.jar;D:\my_maven_local_repository\org\xerial\sqlite-jdbc\3.25.2\sqlite-jdbc-3.25.2.jar;D:\my_maven_local_repository\org\freemarker\freemarker\2.3.28\freemarker-2.3.28.jar;D:\my_maven_local_repository\org\mongodb\mongodb-driver\3.8.2\mongodb-driver-3.8.2.jar;D:\my_maven_local_repository\org\mongodb\bson\3.8.2\bson-3.8.2.jar;D:\my_maven_local_repository\org\mongodb\mongodb-driver-core\3.8.2\mongodb-driver-core-3.8.2.jar;D:\my_maven_local_repository\com\vimalselvam\testng-extentsreport\1.3.1\testng-extentsreport-1.3.1.jar;D:\my_maven_local_repository\com\google\guava\guava\20.0\guava-20.0.jar;D:\my_maven_local_repository\com\aventstack\extentreports\3.0.6\extentreports-3.0.6.jar;D:\my_maven_local_repository\org\apache\httpcomponents\httpmime\4.5.8\httpmime-4.5.8.jar;D:\my_maven_local_repository\commons-logging\commons-logging\1.1.1\commons-logging-1.1.1.jar;"/>
    <property name="java.vm.specification.version" value="1.8"/>
    <property name="sun.arch.data.model" value="32"/>
    <property name="java.home" value="D:\Program Files (x86)\Java\jdk1.8.0_73\jre"/>
    <property name="sun.java.command" value="E:\WorkPlace\AutomatedTesting\Chapter12\target\surefire\surefirebooter4178600077517612134.jar E:\WorkPlace\AutomatedTesting\Chapter12\target\surefire\surefire3279299943867341375tmp E:\WorkPlace\AutomatedTesting\Chapter12\target\surefire\surefire8680033530492840560tmp"/>
    <property name="java.specification.vendor" value="Oracle Corporation"/>
    <property name="user.language" value="zh"/>
    <property name="awt.toolkit" value="sun.awt.windows.WToolkit"/>
    <property name="java.vm.info" value="mixed mode"/>
    <property name="java.version" value="1.8.0_73"/>
    <property name="java.ext.dirs" value="D:\Program Files (x86)\Java\jdk1.8.0_73\jre\lib\ext;C:\WINDOWS\Sun\Java\lib\ext"/>
    <property name="sun.boot.class.path" value="D:\Program Files (x86)\Java\jdk1.8.0_73\jre\lib\resources.jar;D:\Program Files (x86)\Java\jdk1.8.0_73\jre\lib\rt.jar;D:\Program Files (x86)\Java\jdk1.8.0_73\jre\lib\sunrsasign.jar;D:\Program Files (x86)\Java\jdk1.8.0_73\jre\lib\jsse.jar;D:\Program Files (x86)\Java\jdk1.8.0_73\jre\lib\jce.jar;D:\Program Files (x86)\Java\jdk1.8.0_73\jre\lib\charsets.jar;D:\Program Files (x86)\Java\jdk1.8.0_73\jre\lib\jfr.jar;D:\Program Files (x86)\Java\jdk1.8.0_73\jre\classes"/>
    <property name="java.vendor" value="Oracle Corporation"/>
    <property name="localRepository" value="D:\my_maven_local_repository"/>
    <property name="file.separator" value="\"/>
    <property name="java.vendor.url.bug" value="http://bugreport.sun.com/bugreport/"/>
    <property name="sun.cpu.endian" value="little"/>
    <property name="sun.io.unicode.encoding" value="UnicodeLittle"/>
    <property name="sun.desktop" value="windows"/>
    <property name="sun.cpu.isalist" value="pentium_pro+mmx pentium_pro pentium+mmx pentium i486 i386 i86"/>
  </properties>
  <testcase classname="com.course.cases.LoginTest" name="loginTrue" time="0.36"/>
  <testcase classname="com.course.cases.LoginTest" name="loginFalse" time="0.029"/>
  <testcase classname="com.course.cases.AddUserTest" name="addUserTest" time="0.026"/>
  <testcase classname="com.course.cases.GetUserInfoTest" name="getUserInfo" time="0.026"/>
  <testcase classname="com.course.cases.UpdateUserInfoTest" name="updateUserInfo" time="0.023"/>
  <testcase classname="com.course.cases.GetUserInfoListTest" name="getUserListInfo" time="0.023"/>
</testsuite>